\BOOKMARK [0][-]{chapter.1}{\376\377\0001\000\040\000O\000m\000i\000d\000a}{}% 1
\BOOKMARK [0][-]{chapter.2}{\376\377\0002\000\040\000C\000u\000m\000\040\000s\000e\000\040\000j\000o\000a\000c\000a\000?}{}% 2
\BOOKMARK [0][-]{chapter.3}{\376\377\0003\000\040\000C\000u\000m\000\040\000f\000u\000n\000c\000t\000i\000o\000n\000e\000a\000z\000a\000?}{}% 3
\BOOKMARK [0][-]{chapter.4}{\376\377\0004\000\040\000L\000a\000\040\000c\000e\000\040\000a\000j\000u\000t\000a\000?}{}% 4
\BOOKMARK [0][-]{chapter.5}{\376\377\0005\000\040\000E\000x\000t\000r\000a}{}% 5
\BOOKMARK [0][-]{chapter.6}{\376\377\0006\000\040\000I\000n\000d\000e\000x\000u\000l\000\040\000M\000o\000d\000u\000l\000e\000l\000o\000r}{}% 6
\BOOKMARK [1][-]{section.6.1}{\376\377\0006\000.\0001\000\040\000M\000o\000d\000u\000l\000e}{chapter.6}% 7
\BOOKMARK [0][-]{chapter.7}{\376\377\0007\000\040\000I\000n\000d\000e\000x\000u\000l\000\040\000N\000a\000m\000e\000s\000p\000a\000c\000e\000-\000u\000l\000u\000i}{}% 8
\BOOKMARK [1][-]{section.7.1}{\376\377\0007\000.\0001\000\040\000L\000i\000s\000t\000a\000\040\000d\000e\000\040\000N\000a\000m\000e\000s\000p\000a\000c\000e\000-\000u\000r\000i}{chapter.7}% 9
\BOOKMARK [0][-]{chapter.8}{\376\377\0008\000\040\000I\000n\000d\000e\000x\000\040\000I\000e\000r\000a\000r\000h\000i\000c}{}% 10
\BOOKMARK [1][-]{section.8.1}{\376\377\0008\000.\0001\000\040\000I\000e\000r\000a\000r\000h\000i\000a\000\040\000C\000l\000a\000s\000e\000l\000o\000r}{chapter.8}% 11
\BOOKMARK [0][-]{chapter.9}{\376\377\0009\000\040\000I\000n\000d\000e\000x\000u\000l\000\040\000C\000l\000a\000s\000e\000l\000o\000r}{}% 12
\BOOKMARK [1][-]{section.9.1}{\376\377\0009\000.\0001\000\040\000L\000i\000s\000t\000a\000\040\000C\000l\000a\000s\000e\000l\000o\000r}{chapter.9}% 13
\BOOKMARK [0][-]{chapter.10}{\376\377\0001\0000\000\040\000I\000n\000d\000e\000x\000u\000l\000\040\000F\000i\001\137\000i\000e\000r\000e\000l\000o\000r}{}% 14
\BOOKMARK [1][-]{section.10.1}{\376\377\0001\0000\000.\0001\000\040\000L\000i\000s\000t\000a\000\040\000f\000i\001\137\000i\000e\000r\000e\000l\000o\000r}{chapter.10}% 15
\BOOKMARK [0][-]{chapter.11}{\376\377\0001\0001\000\040\000D\000o\000c\000u\000m\000e\000n\000t\000a\001\143\000i\000a\000\040\000M\000o\000d\000u\000l\000e\000l\000o\000r}{}% 16
\BOOKMARK [1][-]{section.11.1}{\376\377\0001\0001\000.\0001\000\040\000M\000e\000n\000i\000u\000\040\000s\000t\000a\000r\000t}{chapter.11}% 17
\BOOKMARK [1][-]{section.11.2}{\376\377\0001\0001\000.\0002\000\040\000J\000o\000c\000u\000l\000\040\000e\000f\000e\000c\000t\000i\000v}{chapter.11}% 18
\BOOKMARK [1][-]{section.11.3}{\376\377\0001\0001\000.\0003\000\040\000P\000a\000u\000z\000a}{chapter.11}% 19
\BOOKMARK [1][-]{section.11.4}{\376\377\0001\0001\000.\0004\000\040\000F\000i\000n\000a\000l}{chapter.11}% 20
\BOOKMARK [1][-]{section.11.5}{\376\377\0001\0001\000.\0005\000\040\000D\000e\000s\000e\000n\000a\000n\000d\000\040\000p\000e\000\040\000e\000c\000r\000a\000n}{chapter.11}% 21
\BOOKMARK [1][-]{section.11.6}{\376\377\0001\0001\000.\0006\000\040\000C\000u\000m\000\040\000r\000e\000p\000r\000e\000z\000i\000n\000t\000\040\000o\000b\000i\000e\000c\000t\000e\000l\000e\000\040\000j\000o\000c\000u\000l\000u\000i\000?}{chapter.11}% 22
\BOOKMARK [1][-]{section.11.7}{\376\377\0001\0001\000.\0007\000\040\000M\000e\000n\000i\000u\000r\000i}{chapter.11}% 23
\BOOKMARK [1][-]{section.11.8}{\376\377\0001\0001\000.\0008\000\040\000P\000r\000i\000n\000c\000i\000p\000a\000l\000a\000\040\000r\000e\000p\000e\000t\000i\000t\000i\000e}{chapter.11}% 24
\BOOKMARK [0][-]{chapter.12}{\376\377\0001\0002\000\040\000D\000o\000c\000u\000m\000e\000n\000t\000a\001\143\000i\000a\000\040\000N\000a\000m\000e\000s\000p\000a\000c\000e\000-\000u\000l\000u\000i}{}% 25
\BOOKMARK [1][-]{section.12.1}{\376\377\0001\0002\000.\0001\000\040\000R\000e\000f\000e\000r\000i\000n\001\143\001\003\000\040\000l\000a\000\040\000N\000a\000m\000e\000s\000p\000a\000c\000e\000-\000u\000l\000\040\000g\000l\000o\000b\000a\000l}{chapter.12}% 26
\BOOKMARK [2][-]{subsection.12.1.1}{\376\377\0001\0002\000.\0001\000.\0001\000\040\000D\000e\000s\000c\000r\000i\000e\000r\000e\000\040\000D\000e\000t\000a\000l\000i\000a\000t\001\003}{section.12.1}% 27
\BOOKMARK [2][-]{subsection.12.1.2}{\376\377\0001\0002\000.\0001\000.\0002\000\040\000D\000o\000c\000u\000m\000e\000n\000t\000a\001\143\000i\000a\000\040\000v\000a\000r\000i\000a\000b\000i\000l\000e\000l\000o\000r}{section.12.1}% 28
\BOOKMARK [3][-]{subsubsection.12.1.2.1}{\376\377\0001\0002\000.\0001\000.\0002\000.\0001\000\040\000d\000e\000s\000e\000n\000a\000t\000o\000r}{subsection.12.1.2}% 29
\BOOKMARK [3][-]{subsubsection.12.1.2.2}{\376\377\0001\0002\000.\0001\000.\0002\000.\0002\000\040\000f\000e\000r\000e\000a\000s\000t\000r\000a\000\137\000i\000n\000c\000h\000i\000s\000a}{subsection.12.1.2}% 30
\BOOKMARK [3][-]{subsubsection.12.1.2.3}{\376\377\0001\0002\000.\0001\000.\0002\000.\0003\000\040\000s\000c\000e\000n\000e}{subsection.12.1.2}% 31
\BOOKMARK [3][-]{subsubsection.12.1.2.4}{\376\377\0001\0002\000.\0001\000.\0002\000.\0004\000\040\000t\000a\000s\000t\000e\000\137\000a\000p\000a\000s\000a\000t\000e}{subsection.12.1.2}% 32
\BOOKMARK [0][-]{chapter.13}{\376\377\0001\0003\000\040\000D\000o\000c\000u\000m\000e\000n\000t\000a\001\143\000i\000a\000\040\000C\000l\000a\000s\000e\000l\000o\000r}{}% 33
\BOOKMARK [1][-]{section.13.1}{\376\377\0001\0003\000.\0001\000\040\000R\000e\000f\000e\000r\000i\000n\001\143\001\003\000\040\000l\000a\000\040\000c\000l\000a\000s\000a\000\040\000J\000o\000c}{chapter.13}% 34
\BOOKMARK [2][-]{subsection.13.1.1}{\376\377\0001\0003\000.\0001\000.\0001\000\040\000D\000e\000s\000c\000r\000i\000e\000r\000e\000\040\000D\000e\000t\000a\000l\000i\000a\000t\001\003}{section.13.1}% 35
\BOOKMARK [2][-]{subsection.13.1.2}{\376\377\0001\0003\000.\0001\000.\0002\000\040\000D\000o\000c\000u\000m\000e\000n\000t\000a\001\143\000i\000a\000\040\000F\000u\000n\000c\001\143\000i\000i\000l\000o\000r\000\040\000M\000e\000m\000b\000r\000e}{section.13.1}% 36
\BOOKMARK [3][-]{subsubsection.13.1.2.1}{\376\377\0001\0003\000.\0001\000.\0002\000.\0001\000\040\000i\000n\000c\000a\000r\000c\000a\000\050\000\051}{subsection.13.1.2}% 37
\BOOKMARK [3][-]{subsubsection.13.1.2.2}{\376\377\0001\0003\000.\0001\000.\0002\000.\0002\000\040\000i\000n\000c\000a\000r\000c\000a\000t\000\137\000d\000e\000j\000a\000\050\000\051}{subsection.13.1.2}% 38
\BOOKMARK [3][-]{subsubsection.13.1.2.3}{\376\377\0001\0003\000.\0001\000.\0002\000.\0003\000\040\000i\000t\000e\000r\000e\000a\000z\000a\000\050\000\051}{subsection.13.1.2}% 39
\BOOKMARK [3][-]{subsubsection.13.1.2.4}{\376\377\0001\0003\000.\0001\000.\0002\000.\0004\000\040\000m\000u\000t\000a\000\137\000o\000m\000i\000d\000a\000\050\000\051}{subsection.13.1.2}% 40
\BOOKMARK [3][-]{subsubsection.13.1.2.5}{\376\377\0001\0003\000.\0001\000.\0002\000.\0005\000\040\000p\000a\000u\000z\000a\000\050\000\051}{subsection.13.1.2}% 41
\BOOKMARK [3][-]{subsubsection.13.1.2.6}{\376\377\0001\0003\000.\0001\000.\0002\000.\0006\000\040\000v\000e\000r\000i\000f\000i\000c\000a\000\137\000t\000a\000s\000t\000e\000\137\000a\000p\000a\000s\000a\000t\000e\000\050\000\051}{subsection.13.1.2}% 42
\BOOKMARK [2][-]{subsection.13.1.3}{\376\377\0001\0003\000.\0001\000.\0003\000\040\000D\000o\000c\000u\000m\000e\000n\000t\000a\001\143\000i\000a\000\040\000D\000a\000t\000e\000l\000o\000r\000\040\000M\000e\000m\000b\000r\000e}{section.13.1}% 43
\BOOKMARK [3][-]{subsubsection.13.1.3.1}{\376\377\0001\0003\000.\0001\000.\0003\000.\0001\000\040\000m\000\137\000t\000i\000m\000p\000\137\000a\000s\000t\000e\000p\000t\000a\000t}{subsection.13.1.3}% 44
\BOOKMARK [3][-]{subsubsection.13.1.3.2}{\376\377\0001\0003\000.\0001\000.\0003\000.\0002\000\040\000n\000o\000u\000a\000\137\000d\000i\000r\000e\000c\000t\000i\000e\000\137\000a\000\137\000o\000m\000i\000z\000i\000i}{subsection.13.1.3}% 45
\BOOKMARK [1][-]{section.13.2}{\376\377\0001\0003\000.\0002\000\040\000R\000e\000f\000e\000r\000i\000n\001\143\001\003\000\040\000l\000a\000\040\000c\000l\000a\000s\000a\000\040\000M\000e\000n\000i\000u\000F\000i\000n\000a\000l}{chapter.13}% 46
\BOOKMARK [2][-]{subsection.13.2.1}{\376\377\0001\0003\000.\0002\000.\0001\000\040\000D\000e\000s\000c\000r\000i\000e\000r\000e\000\040\000D\000e\000t\000a\000l\000i\000a\000t\001\003}{section.13.2}% 47
\BOOKMARK [2][-]{subsection.13.2.2}{\376\377\0001\0003\000.\0002\000.\0002\000\040\000D\000o\000c\000u\000m\000e\000n\000t\000a\001\143\000i\000a\000\040\000F\000u\000n\000c\001\143\000i\000i\000l\000o\000r\000\040\000M\000e\000m\000b\000r\000e}{section.13.2}% 48
\BOOKMARK [3][-]{subsubsection.13.2.2.1}{\376\377\0001\0003\000.\0002\000.\0002\000.\0001\000\040\000i\000n\000c\000a\000r\000c\000a\000\050\000\051}{subsection.13.2.2}% 49
\BOOKMARK [3][-]{subsubsection.13.2.2.2}{\376\377\0001\0003\000.\0002\000.\0002\000.\0002\000\040\000i\000n\000c\000a\000r\000c\000a\000t\000\137\000d\000e\000j\000a\000\050\000\051}{subsection.13.2.2}% 50
\BOOKMARK [3][-]{subsubsection.13.2.2.3}{\376\377\0001\0003\000.\0002\000.\0002\000.\0003\000\040\000i\000t\000e\000r\000e\000a\000z\000a\000\050\000\051}{subsection.13.2.2}% 51
\BOOKMARK [2][-]{subsection.13.2.3}{\376\377\0001\0003\000.\0002\000.\0003\000\040\000D\000o\000c\000u\000m\000e\000n\000t\000a\001\143\000i\000a\000\040\000D\000a\000t\000e\000l\000o\000r\000\040\000M\000e\000m\000b\000r\000e}{section.13.2}% 52
\BOOKMARK [3][-]{subsubsection.13.2.3.1}{\376\377\0001\0003\000.\0002\000.\0003\000.\0001\000\040\000m\000\137\000i\000s\000t\000o\000r\000i\000c}{subsection.13.2.3}% 53
\BOOKMARK [1][-]{section.13.3}{\376\377\0001\0003\000.\0003\000\040\000R\000e\000f\000e\000r\000i\000n\001\143\001\003\000\040\000l\000a\000\040\000c\000l\000a\000s\000a\000\040\000M\000e\000n\000i\000u\000S\000t\000a\000r\000t}{chapter.13}% 54
\BOOKMARK [2][-]{subsection.13.3.1}{\376\377\0001\0003\000.\0003\000.\0001\000\040\000D\000e\000s\000c\000r\000i\000e\000r\000e\000\040\000D\000e\000t\000a\000l\000i\000a\000t\001\003}{section.13.3}% 55
\BOOKMARK [2][-]{subsection.13.3.2}{\376\377\0001\0003\000.\0003\000.\0002\000\040\000D\000o\000c\000u\000m\000e\000n\000t\000a\001\143\000i\000a\000\040\000F\000u\000n\000c\001\143\000i\000i\000l\000o\000r\000\040\000M\000e\000m\000b\000r\000e}{section.13.3}% 56
\BOOKMARK [3][-]{subsubsection.13.3.2.1}{\376\377\0001\0003\000.\0003\000.\0002\000.\0001\000\040\000i\000n\000c\000a\000r\000c\000a\000\050\000\051}{subsection.13.3.2}% 57
\BOOKMARK [3][-]{subsubsection.13.3.2.2}{\376\377\0001\0003\000.\0003\000.\0002\000.\0002\000\040\000i\000n\000c\000a\000r\000c\000a\000t\000\137\000d\000e\000j\000a\000\050\000\051}{subsection.13.3.2}% 58
\BOOKMARK [3][-]{subsubsection.13.3.2.3}{\376\377\0001\0003\000.\0003\000.\0002\000.\0003\000\040\000i\000t\000e\000r\000e\000a\000z\000a\000\050\000\051}{subsection.13.3.2}% 59
\BOOKMARK [1][-]{section.13.4}{\376\377\0001\0003\000.\0004\000\040\000R\000e\000f\000e\000r\000i\000n\001\143\001\003\000\040\000l\000a\000\040\000s\000t\000r\000u\000c\000t\000u\000r\000a\000\040\000P\000u\000n\000c\000t}{chapter.13}% 60
\BOOKMARK [2][-]{subsection.13.4.1}{\376\377\0001\0003\000.\0004\000.\0001\000\040\000D\000e\000s\000c\000r\000i\000e\000r\000e\000\040\000D\000e\000t\000a\000l\000i\000a\000t\001\003}{section.13.4}% 61
\BOOKMARK [2][-]{subsection.13.4.2}{\376\377\0001\0003\000.\0004\000.\0002\000\040\000D\000o\000c\000u\000m\000e\000n\000t\000a\001\143\000i\000a\000\040\000p\000e\000n\000t\000r\000u\000\040\000C\000o\000n\000s\000t\000r\000u\000c\000t\000o\000r\000i\000\040\001\137\000i\000\040\000D\000e\000s\000t\000r\000u\000c\000t\000o\000r\000i}{section.13.4}% 62
\BOOKMARK [3][-]{subsubsection.13.4.2.1}{\376\377\0001\0003\000.\0004\000.\0002\000.\0001\000\040\000P\000u\000n\000c\000t\000\050\000\051\000\040\000[\0001\000/\0003\000]}{subsection.13.4.2}% 63
\BOOKMARK [3][-]{subsubsection.13.4.2.2}{\376\377\0001\0003\000.\0004\000.\0002\000.\0002\000\040\000P\000u\000n\000c\000t\000\050\000\051\000\040\000[\0002\000/\0003\000]}{subsection.13.4.2}% 64
\BOOKMARK [3][-]{subsubsection.13.4.2.3}{\376\377\0001\0003\000.\0004\000.\0002\000.\0003\000\040\000P\000u\000n\000c\000t\000\050\000\051\000\040\000[\0003\000/\0003\000]}{subsection.13.4.2}% 65
\BOOKMARK [1][-]{section.13.5}{\376\377\0001\0003\000.\0005\000\040\000R\000e\000f\000e\000r\000i\000n\001\143\001\003\000\040\000l\000a\000\040\000c\000l\000a\000s\000a\000\040\000S\000c\000e\000n\000a}{chapter.13}% 66
\BOOKMARK [2][-]{subsection.13.5.1}{\376\377\0001\0003\000.\0005\000.\0001\000\040\000D\000e\000s\000c\000r\000i\000e\000r\000e\000\040\000D\000e\000t\000a\000l\000i\000a\000t\001\003}{section.13.5}% 67
\BOOKMARK [2][-]{subsection.13.5.2}{\376\377\0001\0003\000.\0005\000.\0002\000\040\000D\000o\000c\000u\000m\000e\000n\000t\000a\001\143\000i\000a\000\040\000F\000u\000n\000c\001\143\000i\000i\000l\000o\000r\000\040\000M\000e\000m\000b\000r\000e}{section.13.5}% 68
\BOOKMARK [3][-]{subsubsection.13.5.2.1}{\376\377\0001\0003\000.\0005\000.\0002\000.\0001\000\040\000i\000n\000c\000a\000r\000c\000a\000\050\000\051}{subsection.13.5.2}% 69
\BOOKMARK [3][-]{subsubsection.13.5.2.2}{\376\377\0001\0003\000.\0005\000.\0002\000.\0002\000\040\000i\000n\000c\000a\000r\000c\000a\000t\000\137\000d\000e\000j\000a\000\050\000\051}{subsection.13.5.2}% 70
\BOOKMARK [3][-]{subsubsection.13.5.2.3}{\376\377\0001\0003\000.\0005\000.\0002\000.\0003\000\040\000i\000t\000e\000r\000e\000a\000z\000a\000\050\000\051}{subsection.13.5.2}% 71
\BOOKMARK [1][-]{section.13.6}{\376\377\0001\0003\000.\0006\000\040\000R\000e\000f\000e\000r\000i\000n\001\143\001\003\000\040\000l\000a\000\040\000c\000l\000a\000s\000a\000\040\000S\000t\000a\000d\000i\000u\000l\000J\000o\000c\000u\000l\000u\000i}{chapter.13}% 72
\BOOKMARK [2][-]{subsection.13.6.1}{\376\377\0001\0003\000.\0006\000.\0001\000\040\000D\000e\000s\000c\000r\000i\000e\000r\000e\000\040\000D\000e\000t\000a\000l\000i\000a\000t\001\003}{section.13.6}% 73
\BOOKMARK [2][-]{subsection.13.6.2}{\376\377\0001\0003\000.\0006\000.\0002\000\040\000D\000o\000c\000u\000m\000e\000n\000t\000a\001\143\000i\000a\000\040\000D\000a\000t\000e\000l\000o\000r\000\040\000M\000e\000m\000b\000r\000e}{section.13.6}% 74
\BOOKMARK [3][-]{subsubsection.13.6.2.1}{\376\377\0001\0003\000.\0006\000.\0002\000.\0001\000\040\000d\000i\000r\000e\000c\000t\000i\000a\000\137\000o\000m\000i\000z\000i\000i}{subsection.13.6.2}% 75
\BOOKMARK [3][-]{subsubsection.13.6.2.2}{\376\377\0001\0003\000.\0006\000.\0002\000.\0002\000\040\000l\000u\000n\000g\000i\000m\000e\000\137\000t\000e\000x\000t\000u\000r\000a}{subsection.13.6.2}% 76
\BOOKMARK [3][-]{subsubsection.13.6.2.3}{\376\377\0001\0003\000.\0006\000.\0002\000.\0003\000\040\000p\000o\000z\000i\000t\000i\000e\000\137\000p\000o\000w\000e\000r\000u\000p}{subsection.13.6.2}% 77
\BOOKMARK [3][-]{subsubsection.13.6.2.4}{\376\377\0001\0003\000.\0006\000.\0002\000.\0004\000\040\000p\000o\000z\000i\000t\000i\000i\000\137\000o\000m\000i\000d\000a}{subsection.13.6.2}% 78
\BOOKMARK [3][-]{subsubsection.13.6.2.5}{\376\377\0001\0003\000.\0006\000.\0002\000.\0005\000\040\000s\000c\000o\000r}{subsection.13.6.2}% 79
\BOOKMARK [3][-]{subsubsection.13.6.2.6}{\376\377\0001\0003\000.\0006\000.\0002\000.\0006\000\040\000t\000e\000r\000e\000n}{subsection.13.6.2}% 80
\BOOKMARK [0][-]{chapter.14}{\376\377\0001\0004\000\040\000D\000o\000c\000u\000m\000e\000n\000t\000a\001\143\000i\000a\000\040\000F\000i\001\137\000i\000e\000r\000e\000l\000o\000r}{}% 81
\BOOKMARK [1][-]{section.14.1}{\376\377\0001\0004\000.\0001\000\040\000R\000e\000f\000e\000r\000i\000n\001\143\001\003\000\040\000l\000a\000\040\000f\000i\001\137\000i\000e\000r\000u\000l\000\040\000m\000a\000i\000n\000.\000c\000p\000p}{chapter.14}% 82
\BOOKMARK [2][-]{subsection.14.1.1}{\376\377\0001\0004\000.\0001\000.\0001\000\040\000D\000o\000c\000u\000m\000e\000n\000t\000a\001\143\000i\000a\000\040\000e\000n\000u\000m\000e\000r\001\003\000r\000i\000l\000o\000r}{section.14.1}% 83
\BOOKMARK [3][-]{subsubsection.14.1.1.1}{\376\377\0001\0004\000.\0001\000.\0001\000.\0001\000\040\000P\000o\000s\000i\000b\000i\000l\000i\000t\000a\000t\000e\000T\000e\000r\000e\000n}{subsection.14.1.1}% 84
\BOOKMARK [2][-]{subsection.14.1.2}{\376\377\0001\0004\000.\0001\000.\0002\000\040\000D\000o\000c\000u\000m\000e\000n\000t\000a\001\143\000i\000a\000\040\000f\000u\000n\000c\001\143\000i\000i\000l\000o\000r}{section.14.1}% 85
\BOOKMARK [3][-]{subsubsection.14.1.2.1}{\376\377\0001\0004\000.\0001\000.\0002\000.\0001\000\040\000d\000e\000s\000e\000n\000e\000a\000z\000a\000\137\000c\000a\000p\000\050\000\051}{subsection.14.1.2}% 86
\BOOKMARK [3][-]{subsubsection.14.1.2.2}{\376\377\0001\0004\000.\0001\000.\0002\000.\0002\000\040\000d\000e\000s\000e\000n\000e\000a\000z\000a\000\137\000o\000m\000i\000d\000a\000\050\000\051}{subsection.14.1.2}% 87
\BOOKMARK [3][-]{subsubsection.14.1.2.3}{\376\377\0001\0004\000.\0001\000.\0002\000.\0003\000\040\000g\000e\000n\000e\000r\000e\000a\000z\000a\000\137\000p\000o\000z\000i\000t\000i\000e\000\137\000n\000o\000u\000a\000\050\000\051}{subsection.14.1.2}% 88
\BOOKMARK [3][-]{subsubsection.14.1.2.4}{\376\377\0001\0004\000.\0001\000.\0002\000.\0004\000\040\000i\000n\000i\000t\000i\000a\000l\000i\000z\000e\000a\000z\000a\000\050\000\051}{subsection.14.1.2}% 89
\BOOKMARK [3][-]{subsubsection.14.1.2.5}{\376\377\0001\0004\000.\0001\000.\0002\000.\0005\000\040\000m\000a\000i\000n\000\050\000\051}{subsection.14.1.2}% 90
\BOOKMARK [3][-]{subsubsection.14.1.2.6}{\376\377\0001\0004\000.\0001\000.\0002\000.\0006\000\040\000m\000a\000r\000c\000h\000e\000a\000z\000a\000\137\000f\000r\000u\000n\000z\000a\000\050\000\051}{subsection.14.1.2}% 91
\BOOKMARK [2][-]{subsection.14.1.3}{\376\377\0001\0004\000.\0001\000.\0003\000\040\000D\000o\000c\000u\000m\000e\000n\000t\000a\001\143\000i\000a\000\040\000v\000a\000r\000i\000a\000b\000i\000l\000e\000l\000o\000r}{section.14.1}% 92
\BOOKMARK [3][-]{subsubsection.14.1.3.1}{\376\377\0001\0004\000.\0001\000.\0003\000.\0001\000\040\000d\000i\000r\000e\000c\000t\000i\000e}{subsection.14.1.3}% 93
